# RTL_ID 20111300
#
# Events:
#    N - no event
#    E - exception
#    I - interrupt
#    W - wakeup
# =====================================================================================
# : Core Reset
# =====================================================================================
# Test: suh.hex
#           Time   Ev  Curr_PC    Instr      Next_PC    Reg        Value     
# =====================================================================================
               3   N   00000000   00000000   00000200   ---        --------
               6   N   00000200   0000e101   00000204   x10_a0     00000000
               7   N   00000204   00004e01   00000206   ---        --------
               8   N   00000206   00000297   00000208   x28_t3     00000000
               9   N   00000208   fb828293   0000020c   x05_t0     00000208
              10   N   0000020c   30529073   00000210   x05_t0     000001c0
              11   N   00000210   00004505   00000214   ---        --------
              12   N   00000214   0000057e   00000216   x10_a0     00000001
              13   N   00000216   00054863   00000218   x10_a0     80000000
              14   N   00000218   0ff0000f   00000228   ---        --------
              17   N   00000228   00028d63   0000022c   x05_t0     00000000
              18   N   0000022c   10529073   00000246   ---        --------
              22   N   00000246   00020297   0000024a   ---        --------
              23   N   0000024a   00000297   0000024a   ---        --------
              24   N   0000024a   30008293   0000024e   x05_t0     0000024a
              26   N   0000024e   00009073   00000252   x05_t0     000002a0
              28   N   00000252   05622573   00000256   ---        --------
              30   N   00000256   34120073   0000025a   x10_a0     00000000
              33   N   0000025a   00000000   000002a0   ---        --------
              36   N   000002a0   00007f41   000002a4   x29_t4     000000aa
              37   N   000002a4   01ee902b   000002a6   x30_t5     ffff0000
              39   N   000002a6   000edf83   000002aa   ---        --------
              41   N   000002aa   00006ec1   000002ae   x31_t6     0000ffff
              42   N   000002ae   00001efd   000002b0   x29_t4     00010000
              43   N   000002b0   00004e05   000002b2   x29_t4     0000ffff
              44   N   000002b2   13df9363   000002b4   x28_t3     00000001
              45   N   000002b4   0aa00e93   000002b8   ---        --------
              46   N   000002b8   00006f41   000002bc   x29_t4     000000aa
              47   N   000002bc   00001f7d   000002be   x30_t5     00010000
              48   N   000002be   01ee902b   000002c0   x30_t5     0000ffff
              50   N   000002c0   000edf83   000002c4   ---        --------
              52   N   000002c4   00004e81   000002c8   x31_t6     00000000
              53   N   000002c8   00004e09   000002ca   x29_t4     00000000
              54   N   000002ca   11df9763   000002cc   x28_t3     00000002
              55   N   000002cc   0aa00e93   000002d0   ---        --------
              56   N   000002d0   00006f45   000002d4   x29_t4     000000aa
              57   N   000002d4   01ee902b   000002d6   x30_t5     00011000
              59   N   000002d6   000edf83   000002da   ---        --------
              61   N   000002da   00004e85   000002de   x31_t6     00000001
              62   N   000002de   00004e0d   000002e0   x29_t4     00000001
              63   N   000002e0   0fdf9c63   000002e2   x28_t3     00000003
              64   N   000002e2   00006ead   000002e6   ---        --------
              65   N   000002e6   a00e8e93   000002e8   x29_t4     0000b000
              66   N   000002e8   dead0f37   000002ec   x29_t4     0000aa00
              67   N   000002ec   01ee912b   000002f0   x30_t5     dead0000
              69   N   000002f0   002edf83   000002f4   ---        --------
              71   N   000002f4   00006eb9   000002f8   x31_t6     0000dead
              72   N   000002f8   eade8e93   000002fa   x29_t4     0000e000
              73   N   000002fa   00004e11   000002fe   x29_t4     0000dead
              74   N   000002fe   0ddf9d63   00000300   x28_t3     00000004
              75   N   00000300   00006ead   00000304   ---        --------
              76   N   00000304   a00e8e93   00000306   x29_t4     0000b000
              77   N   00000306   6ead0f37   0000030a   x29_t4     0000aa00
              79   N   0000030a   a00e922b   0000030e   x30_t5     dead0000
              82   N   0000030e   004edf83   00000312   ---        --------
              84   N   00000312   00006eb9   00000316   x31_t6     0000dead
              85   N   00000316   eade8e93   00000318   x29_t4     0000e000
              86   N   00000318   00004e15   0000031c   x29_t4     0000dead
              87   N   0000031c   0bdf9e63   0000031e   x28_t3     00000005
              88   N   0000031e   00006ead   00000322   ---        --------
              89   N   00000322   a00e8e93   00000324   x29_t4     0000b000
              90   N   00000324   dead0f37   00000328   x29_t4     0000aa00
              91   N   00000328   01ee932b   0000032c   x30_t5     dead0000
              93   N   0000032c   006edf83   00000330   ---        --------
              95   N   00000330   00006eb9   00000334   x31_t6     0000dead
              96   N   00000334   eade8e93   00000336   x29_t4     0000e000
              97   N   00000336   00004e19   0000033a   x29_t4     0000dead
              98   N   0000033a   09df9f63   0000033c   x28_t3     00000006
              99   N   0000033c   00006ead   00000340   ---        --------
             100   N   00000340   a00e8e93   00000342   x29_t4     0000b000
             101   N   00000342   6ead0f37   00000346   x29_t4     0000aa00
             103   N   00000346   a00e9f2b   0000034a   x30_t5     dead0000
             106   N   0000034a   ffeedf83   0000034e   ---        --------
             108   N   0000034e   00006eb9   00000352   x31_t6     0000dead
             109   N   00000352   eade8e93   00000354   x29_t4     0000e000
             110   N   00000354   00004e1d   00000358   x29_t4     0000dead
             111   N   00000358   09df9063   0000035a   x28_t3     00000007
             112   N   0000035a   00006ead   0000035e   ---        --------
             113   N   0000035e   a00e8e93   00000360   x29_t4     0000b000
             114   N   00000360   dead0f37   00000364   x29_t4     0000aa00
             115   N   00000364   ffee9e2b   00000368   x30_t5     dead0000
             117   N   00000368   ffcedf83   0000036c   ---        --------
             119   N   0000036c   00006eb9   00000370   x31_t6     0000dead
             120   N   00000370   eade8e93   00000372   x29_t4     0000e000
             121   N   00000372   00004e21   00000376   x29_t4     0000dead
             122   N   00000376   07df9163   00000378   x28_t3     00000008
             123   N   00000378   00006ead   0000037c   ---        --------
             124   N   0000037c   a00e8e93   0000037e   x29_t4     0000b000
             125   N   0000037e   6ead0f37   00000382   x29_t4     0000aa00
             127   N   00000382   a00e9d2b   00000386   x30_t5     dead0000
             130   N   00000386   ffaedf83   0000038a   ---        --------
             132   N   0000038a   00006eb9   0000038e   x31_t6     0000dead
             133   N   0000038e   eade8e93   00000390   x29_t4     0000e000
             134   N   00000390   00004e25   00000394   x29_t4     0000dead
             135   N   00000394   05df9263   00000396   x28_t3     00000009
             136   N   00000396   00006ead   0000039a   ---        --------
             137   N   0000039a   a01e8e93   0000039c   x29_t4     0000b000
             138   N   0000039c   dead0f37   000003a0   x29_t4     0000aa01
             139   N   000003a0   01ee91ab   000003a4   x30_t5     dead0000
             141   N   000003a4   003edf83   000003a8   ---        --------
             143   N   000003a8   00006eb9   000003ac   x31_t6     0000dead
             144   N   000003ac   eade8e93   000003ae   x29_t4     0000e000
             145   N   000003ae   00004e29   000003b2   x29_t4     0000dead
             146   N   000003b2   03df9363   000003b4   x28_t3     0000000a
             147   N   000003b4   00006ead   000003b8   ---        --------
             148   N   000003b8   a01e8e93   000003ba   x29_t4     0000b000
             149   N   000003ba   6ead0f37   000003be   x29_t4     0000aa01
             151   N   000003be   a01e9eab   000003c2   x30_t5     dead0000
             154   N   000003c2   ffdedf83   000003c6   ---        --------
             156   N   000003c6   00006eb9   000003ca   x31_t6     0000dead
             157   N   000003ca   eade8e93   000003cc   x29_t4     0000e000
             158   N   000003cc   00004e2d   000003d0   x29_t4     0000dead
             159   N   000003d0   01df9463   000003d2   x28_t3     0000000b
             160   N   000003d2   4e2d1863   000003d6   ---        --------
             162   N   000003d6   01df000f   000003e6   ---        --------
             166   N   000003e6   000085f2   000003ea   ---        --------
             167   N   000003ea   00004501   000003ec   x11_a1     0000000b
             168   N   000003ec   00000073   000003ee   x10_a0     00000000
             169   E   000003ee   45010073   000001c0   mstatus    00001800
             169   E   000003ee   45010073   000001c0   mepc       000003ee
             169   E   000003ee   45010073   000001c0   mcause     0000000b
             169   E   000003ee   45010073   000001c0   mtval      00000000
             172   N   000001c0   000047a1   000001c4   x14_a4     0000000b
             173   N   000001c4   02f70263   000001c6   x15_a5     00000008
             174   N   000001c6   000047a5   000001ca   ---        --------
             175   N   000001ca   00f70f63   000001cc   x15_a5     00000009
             176   N   000001cc   000047ad   000001d0   ---        --------
             177   N   000001d0   00f70c63   000001d2   x15_a5     0000000b
             178   N   000001d2   47ad0713   000001ea   ---        --------
             182   N   000001ea   07130013   00000400   ---        --------
             185   N   00000400   cf428293   00000404   x05_t0     00000400
             186   N   00000404   00008282   00000408   x05_t0     000000f4
             187   N   00000408   00000013   000000f4   ---        --------
             190   N   000000f4   0000006f   000000f8   ---        --------
             191   N   000000f8   ffffffff   000000f8   ---        --------
# =====================================================================================
# : Core Reset
# =====================================================================================
# Test: suh_ma_addr.hex
#           Time   Ev  Curr_PC    Instr      Next_PC    Reg        Value     
# =====================================================================================
               3   N   00000000   00000000   00000200   ---        --------
               6   N   00000200   0000e101   00000204   x10_a0     00000000
               7   N   00000204   00004e01   00000206   ---        --------
               8   N   00000206   00000297   00000208   x28_t3     00000000
               9   N   00000208   fb828293   0000020c   x05_t0     00000208
              10   N   0000020c   30529073   00000210   x05_t0     000001c0
              11   N   00000210   00004505   00000214   ---        --------
              12   N   00000214   0000057e   00000216   x10_a0     00000001
              13   N   00000216   00054863   00000218   x10_a0     80000000
              14   N   00000218   0ff0000f   00000228   ---        --------
              17   N   00000228   00028d63   0000022c   x05_t0     00000000
              18   N   0000022c   10529073   00000246   ---        --------
              22   N   00000246   00006509   0000024a   ---        --------
              23   N   0000024a   00006509   0000024a   ---        --------
              24   N   0000024a   80050513   0000024c   x10_a0     00002000
              25   N   0000024c   30052073   00000250   x10_a0     00001800
              26   N   00000250   00000297   00000254   ---        --------
              27   N   00000254   00000297   00000254   ---        --------
              28   N   00000254   04c28293   00000258   x05_t0     00000254
              29   N   00000258   34129073   0000025c   x05_t0     000002a0
              30   N   0000025c   f1402573   00000260   ---        --------
              31   N   00000260   30200073   00000264   x10_a0     00000000
              33   N   00000264   00000000   000002a0   ---        --------
              36   N   000002a0   00000397   000002a2   x28_t3     00000002
              37   N   000002a2   4e098393   000002a6   x07_t2     000002a2
              39   N   000002a6   000060b1   000002aa   x07_t2     000002be
              40   N   000002aa   eef08093   000002ac   x01_ra     0000c000
              41   N   000002ac   00004101   000002b0   x01_ra     0000beef
              42   N   000002b0   0000902b   000002b2   x02_sp     00000000
              43   E   000002b2   4101d183   000001c0   mstatus    00001800
              43   E   000002b2   4101d183   000001c0   mepc       000002b2
              43   E   000002b2   4101d183   000001c0   mcause     00000006
              43   E   000002b2   4101d183   000001c0   mtval      0000beef
              46   N   000001c0   000047a1   000001c4   x14_a4     00000006
              47   N   000001c4   02f70463   000001c6   x15_a5     00000008
              48   N   000001c6   000047a5   000001ca   ---        --------
              49   N   000001ca   02f70163   000001cc   x15_a5     00000009
              50   N   000001cc   000047ad   000001d0   ---        --------
              51   N   000001d0   00f70e63   000001d2   x15_a5     0000000b
              52   N   000001d2   47ad0717   000001d6   ---        --------
              54   N   000001d6   00f70713   000001da   x14_a4     000001d6
              56   N   000001da   0000c311   000001de   x14_a4     00000314
              57   N   000001de   00008702   000001e0   ---        --------
              58   N   000001e0   34202773   00000314   ---        --------
              61   N   00000314   342022f3   00000316   x09_s1     00000006
              62   N   00000316   449991e3   0000031a   x05_t0     00000006
              64   N   0000031a   34209073   0000031e   ---        --------
              66   N   0000031e   fe920073   00000322   ---        --------
              69   N   00000322   00000073   000002be   ---        --------
              72   N   000002be   00000397   000002c0   x28_t3     00000003
              73   N   000002c0   01c38393   000002c4   x07_t2     000002c0
              74   N   000002c4   00006085   000002c8   x07_t2     000002dc
              75   N   000002c8   bee08093   000002ca   x01_ra     00001000
              76   N   000002ca   00004101   000002ce   x01_ra     00000bee
              77   N   000002ce   0000902b   000002d0   x02_sp     00000000
              79   N   000002d0   0000d183   000002d4   ---        --------
              81   N   000002d4   02219263   000002d8   x03_gp     00000000
              82   N   000002d8   00004e11   000002dc   ---        --------
              83   N   000002dc   00000397   000002de   x28_t3     00000004
              84   N   000002de   4e118393   000002e2   x07_t2     000002de
              86   N   000002e2   00000093   000002e6   x07_t2     000002f8
              88   N   000002e6   00004101   000002ea   x01_ra     000000a1
              89   N   000002ea   0000902b   000002ec   x02_sp     00000000
              90   E   000002ec   0000d183   000001c0   mstatus    00001800
              90   E   000002ec   0000d183   000001c0   mepc       000002ec
              90   E   000002ec   0000d183   000001c0   mcause     00000006
              90   E   000002ec   0000d183   000001c0   mtval      000000a1
              93   N   000001c0   000047a1   000001c4   x14_a4     00000006
              94   N   000001c4   02f70463   000001c6   x15_a5     00000008
              95   N   000001c6   000047a5   000001ca   ---        --------
              96   N   000001ca   02f70163   000001cc   x15_a5     00000009
              97   N   000001cc   000047ad   000001d0   ---        --------
              98   N   000001d0   00f70e63   000001d2   x15_a5     0000000b
              99   N   000001d2   47ad0717   000001d6   ---        --------
             101   N   000001d6   00f70713   000001da   x14_a4     000001d6
             103   N   000001da   0000c311   000001de   x14_a4     00000314
             104   N   000001de   00008702   000001e0   ---        --------
             105   N   000001e0   34202773   00000314   ---        --------
             108   N   00000314   342022f3   00000316   x09_s1     00000006
             109   N   00000316   449991e3   0000031a   x05_t0     00000006
             111   N   0000031a   34209073   0000031e   ---        --------
             113   N   0000031e   fe920073   00000322   ---        --------
             116   N   00000322   00000073   000002f8   ---        --------
             119   N   000002f8   0ff0000f   00000308   ---        --------
             122   N   00000308   000085f2   0000030c   ---        --------
             123   N   0000030c   00004501   0000030e   x11_a1     00000004
             124   N   0000030e   00000073   00000310   x10_a0     00000000
             125   E   00000310   00004499   000001c0   mstatus    00001800
             125   E   00000310   00004499   000001c0   mepc       00000310
             125   E   00000310   00004499   000001c0   mcause     0000000b
             125   E   00000310   00004499   000001c0   mtval      00000000
             128   N   000001c0   000047a1   000001c4   x14_a4     0000000b
             129   N   000001c4   02f70463   000001c6   x15_a5     00000008
             130   N   000001c6   000047a5   000001ca   ---        --------
             131   N   000001ca   02f70163   000001cc   x15_a5     00000009
             132   N   000001cc   000047ad   000001d0   ---        --------
             133   N   000001d0   00f70e63   000001d2   x15_a5     0000000b
             134   N   000001d2   47ad0717   000001ee   ---        --------
             138   N   000001ee   07170013   00000340   ---        --------
             141   N   00000340   db428293   00000344   x05_t0     00000340
             142   N   00000344   00008282   00000348   x05_t0     000000f4
             143   N   00000348   00000013   000000f4   ---        --------
             146   N   000000f4   0000006f   000000f8   ---        --------
             147   N   000000f8   ffffffff   000000f8   ---        --------
